<?xml version="1.0" encoding="UTF-8"?>
<testsuite xmlns:xsi="http://www.w3.org/2001/XMLSchema-instance" xsi:noNamespaceSchemaLocation="https://maven.apache.org/surefire/maven-surefire-plugin/xsd/surefire-test-report-3.0.xsd" version="3.0" name="UnoGameRepositoryTest" time="2.245" tests="1" errors="0" skipped="0" failures="0">
  <properties>
[...]
</properties>
  <testcase name="testPersistAndQueryGameData" classname="UnoGameRepositoryTest" time="2.227">
    <system-err><![CDATA[ივნ 20, 2026 11:27:42 PM org.hibernate.jpa.internal.util.LogHelper logPersistenceUnitInformation
INFO: HHH000204: Processing PersistenceUnitInfo [name: uno-unit]
ივნ 20, 2026 11:27:42 PM org.hibernate.Version logVersion
INFO: HHH000412: Hibernate ORM core version 6.6.0.Final
ივნ 20, 2026 11:27:42 PM org.hibernate.cache.internal.RegionFactoryInitiator initiateService
INFO: HHH000026: Second-level cache disabled
ივნ 20, 2026 11:27:43 PM org.hibernate.engine.jdbc.connections.internal.DriverManagerConnectionProviderImpl configure
WARN: HHH10001002: Using built-in connection pool (not intended for production use)
ივნ 20, 2026 11:27:43 PM org.hibernate.engine.jdbc.env.internal.JdbcEnvironmentInitiator initiateService
INFO: HHH10001005: Database info:
	Database JDBC URL [jdbc:h2:mem:unodb;DB_CLOSE_DELAY=-1]
	Database driver: org.h2.Driver
	Database version: 2.2.224
	Autocommit mode: false
	Isolation level: undefined/unknown
	Minimum pool size: 1
	Maximum pool size: 20
ივნ 20, 2026 11:27:44 PM org.hibernate.engine.transaction.jta.platform.internal.JtaPlatformInitiator initiateService
INFO: HHH000489: No JTA platform available (set 'hibernate.transaction.jta.platform' to enable JTA platform integration)
ივნ 20, 2026 11:27:44 PM org.hibernate.resource.transaction.backend.jdbc.internal.DdlTransactionIsolatorNonJtaImpl getIsolatedConnection
INFO: HHH10001501: Connection obtained from JdbcConnectionAccess [org.hibernate.engine.jdbc.env.internal.JdbcEnvironmentInitiator$ConnectionProviderJdbcConnectionAccess@561f9d92] for (non-JTA) DDL execution was not in auto-commit mode; the Connection 'local transaction' will be committed and the Connection will be set into auto-commit mode.
ივნ 20, 2026 11:27:44 PM org.hibernate.resource.transaction.backend.jdbc.internal.DdlTransactionIsolatorNonJtaImpl getIsolatedConnection
INFO: HHH10001501: Connection obtained from JdbcConnectionAccess [org.hibernate.engine.jdbc.env.internal.JdbcEnvironmentInitiator$ConnectionProviderJdbcConnectionAccess@27f71195] for (non-JTA) DDL execution was not in auto-commit mode; the Connection 'local transaction' will be committed and the Connection will be set into auto-commit mode.
]]></system-err>
  </testcase>
</testsuite>